{"label":"Exact health api logs","level":"debug","message":"Alumini App: Running in development mode and listening on port http://:9004"}
{"label":"Exact health api logs","level":"info","message":"Invalid user"}
{"content_length":"38","label":"Exact health api logs","level":"http","message":"incoming-api-request","method":"GET","response_time":4042.66,"status":200,"url":"/alumini/api/v1/setup/allSubregion"}
{"label":"Exact health api logs","level":"debug","message":"Alumini App: Running in development mode and listening on port http://:9004"}
{"label":"Exact health api logs","level":"info","message":"Invalid user"}
{"content_length":"38","label":"Exact health api logs","level":"http","message":"incoming-api-request","method":"GET","response_time":4032.156,"status":200,"url":"/alumini/api/v1/setup/allSubregion"}
{"label":"Exact health api logs","level":"debug","message":"Alumini App: Running in development mode and listening on port http://:9004"}
{"label":"Exact health api logs","level":"debug","message":"Alumini App: Running in development mode and listening on port http://:9004"}
{"label":"Exact health api logs","level":"debug","message":"Alumini App: Running in development mode and listening on port http://:9004"}
{"label":"Exact health api logs","level":"info","message":"Invalid user"}
{"content_length":"38","label":"Exact health api logs","level":"http","message":"incoming-api-request","method":"GET","response_time":3989.835,"status":200,"url":"/alumini/api/v1/setup/allSubregion"}
{"label":"Exact health api logs","level":"debug","message":"Alumini App: Running in development mode and listening on port http://:9004"}
{"label":"Exact health api logs","level":"debug","message":"Alumini App: Running in development mode and listening on port http://:9004"}
{"label":"Exact health api logs","level":"debug","message":"Alumini App: Running in development mode and listening on port http://:9004"}
{"label":"Exact health api logs","level":"debug","message":"Alumini App: Running in development mode and listening on port http://:9004"}
{"label":"Exact health api logs","level":"debug","message":"Alumini App: Running in development mode and listening on port http://:9004"}
{"label":"Exact health api logs","level":"debug","message":"Alumini App: Running in development mode and listening on port http://:9004"}
{"label":"Exact health api logs","level":"debug","message":"Alumini App: Running in development mode and listening on port http://:9004"}
{"label":"Exact health api logs","level":"debug","message":"Alumini App: Running in development mode and listening on port http://:9004"}
{"label":"Exact health api logs","level":"debug","message":"Alumini App: Running in development mode and listening on port http://:9004"}
{"label":"Exact health api logs","level":"debug","message":"Alumini App: Running in development mode and listening on port http://:9004"}
{"label":"Exact health api logs","level":"info","message":"Invalid user"}
{"content_length":"38","label":"Exact health api logs","level":"http","message":"incoming-api-request","method":"GET","response_time":5080.676,"status":200,"url":"/alumini/api/v1/setup/allSubregion"}
{"label":"Exact health api logs","level":"debug","message":"Alumini App: Running in development mode and listening on port http://:9004"}
{"label":"Exact health api logs","level":"debug","message":"Alumini App: Running in development mode and listening on port http://:9004"}
{"label":"Exact health api logs","level":"debug","message":"Alumini App: Running in development mode and listening on port http://:9004"}
{"label":"Exact health api logs","level":"debug","message":"Alumini App: Running in development mode and listening on port http://:9004"}
{"label":"Exact health api logs","level":"debug","message":"Alumini App: Running in development mode and listening on port http://:9004"}
{"label":"Exact health api logs","level":"info","message":"Success"}
{"content_length":"1814","label":"Exact health api logs","level":"http","message":"incoming-api-request","method":"GET","response_time":7015.06,"status":200,"url":"/alumini/api/v1/setup/allSubregion"}
{"code":"ECONNREFUSED","label":"Exact health api logs","level":"error","message":"","stack":"AggregateError [ECONNREFUSED]: \n    at internalConnectMultiple (node:net:1117:18)\n    at afterConnectMultiple (node:net:1684:7)"}
{"label":"Exact health api logs","level":"error","message":""}
