{"label":"Exact health api logs","level":"info","message":"Success"}
{"content_length":"239","label":"Exact health api logs","level":"http","message":"incoming-api-request","method":"POST","response_time":5852.557,"status":200,"url":"/alumini/api/v1/setup/addSubregion"}
{"code":"ECONNREFUSED","label":"Exact health api logs","level":"error","message":"","stack":"AggregateError [ECONNREFUSED]: \n    at internalConnectMultiple (node:net:1117:18)\n    at afterConnectMultiple (node:net:1684:7)"}
{"label":"Exact health api logs","level":"error","message":""}
{"label":"Exact health api logs","level":"debug","message":"Alumini App: Running in development mode and listening on port http://:9004"}
{"label":"Exact health api logs","level":"debug","message":"Alumini App: Running in development mode and listening on port http://:9004"}
{"label":"Exact health api logs","level":"debug","message":"Alumini App: Running in development mode and listening on port http://:9004"}
{"label":"Exact health api logs","level":"debug","message":"Alumini App: Running in development mode and listening on port http://:9004"}
{"label":"Exact health api logs","level":"debug","message":"Alumini App: Running in development mode and listening on port http://:9004"}
{"label":"Exact health api logs","level":"debug","message":"Alumini App: Running in development mode and listening on port http://:9004"}
{"label":"Exact health api logs","level":"debug","message":"Alumini App: Running in development mode and listening on port http://:9004"}
{"label":"Exact health api logs","level":"info","message":"Success"}
{"content_length":"241","label":"Exact health api logs","level":"http","message":"incoming-api-request","method":"GET","response_time":5681.163,"status":200,"url":"/alumini/api/v1/setup/allSubregion"}
{"code":"ECONNREFUSED","label":"Exact health api logs","level":"error","message":"","stack":"AggregateError [ECONNREFUSED]: \n    at internalConnectMultiple (node:net:1117:18)\n    at afterConnectMultiple (node:net:1684:7)"}
{"label":"Exact health api logs","level":"error","message":""}
{"label":"Exact health api logs","level":"debug","message":"Alumini App: Running in development mode and listening on port http://:9004"}
{"label":"Exact health api logs","level":"debug","message":"Alumini App: Running in development mode and listening on port http://:9004"}
{"label":"Exact health api logs","level":"debug","message":"Alumini App: Running in development mode and listening on port http://:9004"}
{"label":"Exact health api logs","level":"debug","message":"Alumini App: Running in development mode and listening on port http://:9004"}
{"label":"Exact health api logs","level":"debug","message":"Alumini App: Running in development mode and listening on port http://:9004"}
{"label":"Exact health api logs","level":"debug","message":"Alumini App: Running in development mode and listening on port http://:9004"}
{"label":"Exact health api logs","level":"debug","message":"Alumini App: Running in development mode and listening on port http://:9004"}
{"label":"Exact health api logs","level":"debug","message":"Alumini App: Running in development mode and listening on port http://:9004"}
{"label":"Exact health api logs","level":"debug","message":"Alumini App: Running in development mode and listening on port http://:9004"}
{"label":"Exact health api logs","level":"debug","message":"Alumini App: Running in development mode and listening on port http://:9004"}
{"label":"Exact health api logs","level":"debug","message":"Alumini App: Running in development mode and listening on port http://:9004"}
{"label":"Exact health api logs","level":"info","message":"Success"}
{"content_length":"51","label":"Exact health api logs","level":"http","message":"incoming-api-request","method":"POST","response_time":5556.296,"status":200,"url":"/alumini/api/v1/setup/addBatchSubregion"}
{"code":"ECONNREFUSED","label":"Exact health api logs","level":"error","message":"","stack":"AggregateError [ECONNREFUSED]: \n    at internalConnectMultiple (node:net:1117:18)\n    at afterConnectMultiple (node:net:1684:7)"}
{"label":"Exact health api logs","level":"error","message":""}
{"label":"Exact health api logs","level":"info","message":"Success"}
{"content_length":"630","label":"Exact health api logs","level":"http","message":"incoming-api-request","method":"GET","response_time":5094.836,"status":200,"url":"/alumini/api/v1/setup/allSubregion"}
{"code":"ECONNREFUSED","label":"Exact health api logs","level":"error","message":"","stack":"AggregateError [ECONNREFUSED]: \n    at internalConnectMultiple (node:net:1117:18)\n    at afterConnectMultiple (node:net:1684:7)"}
{"label":"Exact health api logs","level":"error","message":""}
{"label":"Exact health api logs","level":"debug","message":"Alumini App: Running in development mode and listening on port http://:9004"}
{"label":"Exact health api logs","level":"debug","message":"Alumini App: Running in development mode and listening on port http://:9004"}
{"label":"Exact health api logs","level":"debug","message":"Alumini App: Running in development mode and listening on port http://:9004"}
{"label":"Exact health api logs","level":"debug","message":"Alumini App: Running in development mode and listening on port http://:9004"}
{"label":"Exact health api logs","level":"debug","message":"Alumini App: Running in development mode and listening on port http://:9004"}
{"label":"Exact health api logs","level":"debug","message":"Alumini App: Running in development mode and listening on port http://:9004"}
{"label":"Exact health api logs","level":"debug","message":"Alumini App: Running in development mode and listening on port http://:9004"}
{"label":"Exact health api logs","level":"debug","message":"Alumini App: Running in development mode and listening on port http://:9004"}
{"label":"Exact health api logs","level":"info","message":"Success"}
{"content_length":"240","label":"Exact health api logs","level":"http","message":"incoming-api-request","method":"POST","response_time":5324.993,"status":200,"url":"/alumini/api/v1/setup/updateSubregion"}
{"code":"ECONNREFUSED","label":"Exact health api logs","level":"error","message":"","stack":"AggregateError [ECONNREFUSED]: \n    at internalConnectMultiple (node:net:1117:18)\n    at afterConnectMultiple (node:net:1684:7)"}
{"label":"Exact health api logs","level":"error","message":""}
{"label":"Exact health api logs","level":"info","message":"Success"}
{"content_length":"635","label":"Exact health api logs","level":"http","message":"incoming-api-request","method":"GET","response_time":5130.95,"status":200,"url":"/alumini/api/v1/setup/allSubregion"}
{"code":"ECONNREFUSED","label":"Exact health api logs","level":"error","message":"","stack":"AggregateError [ECONNREFUSED]: \n    at internalConnectMultiple (node:net:1117:18)\n    at afterConnectMultiple (node:net:1684:7)"}
{"label":"Exact health api logs","level":"error","message":""}
{"label":"Exact health api logs","level":"info","message":"Success"}
{"content_length":"239","label":"Exact health api logs","level":"http","message":"incoming-api-request","method":"POST","response_time":5165.437,"status":200,"url":"/alumini/api/v1/setup/updateSubregion"}
{"code":"ECONNREFUSED","label":"Exact health api logs","level":"error","message":"","stack":"AggregateError [ECONNREFUSED]: \n    at internalConnectMultiple (node:net:1117:18)\n    at afterConnectMultiple (node:net:1684:7)"}
{"label":"Exact health api logs","level":"error","message":""}
{"label":"Exact health api logs","level":"debug","message":"Alumini App: Running in development mode and listening on port http://:9004"}
{"label":"Exact health api logs","level":"info","message":"Success"}
{"content_length":"642","label":"Exact health api logs","level":"http","message":"incoming-api-request","method":"GET","response_time":9861.148,"status":200,"url":"/alumini/api/v1/setup/allSubregion"}
{"code":"ECONNREFUSED","label":"Exact health api logs","level":"error","message":"","stack":"AggregateError [ECONNREFUSED]: \n    at internalConnectMultiple (node:net:1117:18)\n    at afterConnectMultiple (node:net:1684:7)"}
{"label":"Exact health api logs","level":"error","message":""}
{"clientVersion":"5.15.0","label":"Exact health api logs","level":"error","message":"\nInvalid `prisma.country.create()` invocation in\n/Users/testdevice/Desktop/Source Code/Node JS/AluminiApi/DBFunctions/CountryDb.js:53:51\n\n  50 \n  51 ussd.createCountry = async (country) => {\n  52     try {\n→ 53         const newContinent = await prisma.country.create({\n               data: {\n                 country_name: \"Ghana\",\n                 country_code: \"GHA\",\n                 subreion_id: \"24f80a4e-23aa-49f6-a356-4afe6816d399\",\n             +   region: String\n               }\n             })\n\nArgument `region` is missing.","name":"PrismaClientValidationError","stack":"PrismaClientValidationError: \nInvalid `prisma.country.create()` invocation in\n/Users/testdevice/Desktop/Source Code/Node JS/AluminiApi/DBFunctions/CountryDb.js:53:51\n\n  50 \n  51 ussd.createCountry = async (country) => {\n  52     try {\n→ 53         const newContinent = await prisma.country.create({\n               data: {\n                 country_name: \"Ghana\",\n                 country_code: \"GHA\",\n                 subreion_id: \"24f80a4e-23aa-49f6-a356-4afe6816d399\",\n             +   region: String\n               }\n             })\n\nArgument `region` is missing.\n    at Tn (/Users/testdevice/Desktop/Source Code/Node JS/AluminiApi/node_modules/@prisma/client/runtime/library.js:115:6855)\n    at In.handleRequestError (/Users/testdevice/Desktop/Source Code/Node JS/AluminiApi/node_modules/@prisma/client/runtime/library.js:122:6533)\n    at In.handleAndLogRequestError (/Users/testdevice/Desktop/Source Code/Node JS/AluminiApi/node_modules/@prisma/client/runtime/library.js:122:6211)\n    at In.request (/Users/testdevice/Desktop/Source Code/Node JS/AluminiApi/node_modules/@prisma/client/runtime/library.js:122:5919)\n    at async l (/Users/testdevice/Desktop/Source Code/Node JS/AluminiApi/node_modules/@prisma/client/runtime/library.js:127:11167)\n    at async ussd.createCountry (/Users/testdevice/Desktop/Source Code/Node JS/AluminiApi/DBFunctions/CountryDb.js:53:30)\n    at async /Users/testdevice/Desktop/Source Code/Node JS/AluminiApi/controllers/Setup.js:294:23"}
{"label":"Exact health api logs","level":"error","message":"\nInvalid `prisma.country.create()` invocation in\n/Users/testdevice/Desktop/Source Code/Node JS/AluminiApi/DBFunctions/CountryDb.js:53:51\n\n  50 \n  51 ussd.createCountry = async (country) => {\n  52     try {\n→ 53         const newContinent = await prisma.country.create({\n               data: {\n                 country_name: \"Ghana\",\n                 country_code: \"GHA\",\n                 subreion_id: \"24f80a4e-23aa-49f6-a356-4afe6816d399\",\n             +   region: String\n               }\n             })\n\nArgument `region` is missing."}
{"content_length":"585","label":"Exact health api logs","level":"http","message":"incoming-api-request","method":"POST","response_time":5773.742,"status":500,"url":"/alumini/api/v1/setup/addCountry"}
{"label":"Exact health api logs","level":"debug","message":"Alumini App: Running in development mode and listening on port http://:9004"}
{"clientVersion":"5.15.0","code":"P2011","label":"Exact health api logs","level":"error","message":"\nInvalid `prisma.country.create()` invocation in\n/Users/testdevice/Desktop/Source Code/Node JS/AluminiApi/DBFunctions/CountryDb.js:53:51\n\n  50 \n  51 ussd.createCountry = async (country) => {\n  52     try {\n→ 53         const newContinent = await prisma.country.create(\nNull constraint violation on the fields: (`region`)","meta":{"constraint":["region"],"modelName":"country"},"name":"PrismaClientKnownRequestError","stack":"PrismaClientKnownRequestError: \nInvalid `prisma.country.create()` invocation in\n/Users/testdevice/Desktop/Source Code/Node JS/AluminiApi/DBFunctions/CountryDb.js:53:51\n\n  50 \n  51 ussd.createCountry = async (country) => {\n  52     try {\n→ 53         const newContinent = await prisma.country.create(\nNull constraint violation on the fields: (`region`)\n    at In.handleRequestError (/Users/testdevice/Desktop/Source Code/Node JS/AluminiApi/node_modules/@prisma/client/runtime/library.js:122:6877)\n    at In.handleAndLogRequestError (/Users/testdevice/Desktop/Source Code/Node JS/AluminiApi/node_modules/@prisma/client/runtime/library.js:122:6211)\n    at In.request (/Users/testdevice/Desktop/Source Code/Node JS/AluminiApi/node_modules/@prisma/client/runtime/library.js:122:5919)\n    at async l (/Users/testdevice/Desktop/Source Code/Node JS/AluminiApi/node_modules/@prisma/client/runtime/library.js:127:11167)\n    at async ussd.createCountry (/Users/testdevice/Desktop/Source Code/Node JS/AluminiApi/DBFunctions/CountryDb.js:53:30)\n    at async /Users/testdevice/Desktop/Source Code/Node JS/AluminiApi/controllers/Setup.js:294:23"}
{"label":"Exact health api logs","level":"error","message":"\nInvalid `prisma.country.create()` invocation in\n/Users/testdevice/Desktop/Source Code/Node JS/AluminiApi/DBFunctions/CountryDb.js:53:51\n\n  50 \n  51 ussd.createCountry = async (country) => {\n  52     try {\n→ 53         const newContinent = await prisma.country.create(\nNull constraint violation on the fields: (`region`)"}
{"content_length":"355","label":"Exact health api logs","level":"http","message":"incoming-api-request","method":"POST","response_time":7669.1,"status":500,"url":"/alumini/api/v1/setup/addCountry"}
{"label":"Exact health api logs","level":"debug","message":"Alumini App: Running in development mode and listening on port http://:9004"}
{"label":"Exact health api logs","level":"info","message":"Success"}
{"content_length":"271","label":"Exact health api logs","level":"http","message":"incoming-api-request","method":"POST","response_time":7243.534,"status":200,"url":"/alumini/api/v1/setup/addCountry"}
{"code":"ECONNREFUSED","label":"Exact health api logs","level":"error","message":"","stack":"AggregateError [ECONNREFUSED]: \n    at internalConnectMultiple (node:net:1117:18)\n    at afterConnectMultiple (node:net:1684:7)"}
{"label":"Exact health api logs","level":"error","message":""}
{"label":"Exact health api logs","level":"debug","message":"Alumini App: Running in development mode and listening on port http://:9004"}
{"label":"Exact health api logs","level":"debug","message":"Alumini App: Running in development mode and listening on port http://:9004"}
{"label":"Exact health api logs","level":"debug","message":"Alumini App: Running in development mode and listening on port http://:9004"}
{"label":"Exact health api logs","level":"debug","message":"Alumini App: Running in development mode and listening on port http://:9004"}
{"label":"Exact health api logs","level":"debug","message":"Alumini App: Running in development mode and listening on port http://:9004"}
{"label":"Exact health api logs","level":"debug","message":"Alumini App: Running in development mode and listening on port http://:9004"}
{"label":"Exact health api logs","level":"debug","message":"Alumini App: Running in development mode and listening on port http://:9004"}
{"label":"Exact health api logs","level":"debug","message":"Alumini App: Running in development mode and listening on port http://:9004"}
{"label":"Exact health api logs","level":"info","message":"Success"}
{"content_length":"51","label":"Exact health api logs","level":"http","message":"incoming-api-request","method":"POST","response_time":7368.613,"status":200,"url":"/alumini/api/v1/setup/addBatchCountries"}
{"code":"ECONNREFUSED","label":"Exact health api logs","level":"error","message":"","stack":"AggregateError [ECONNREFUSED]: \n    at internalConnectMultiple (node:net:1117:18)\n    at afterConnectMultiple (node:net:1684:7)"}
{"label":"Exact health api logs","level":"error","message":""}
{"label":"Exact health api logs","level":"debug","message":"Alumini App: Running in development mode and listening on port http://:9004"}
{"label":"Exact health api logs","level":"debug","message":"Alumini App: Running in development mode and listening on port http://:9004"}
{"label":"Exact health api logs","level":"debug","message":"Alumini App: Running in development mode and listening on port http://:9004"}
{"label":"Exact health api logs","level":"debug","message":"Alumini App: Running in development mode and listening on port http://:9004"}
{"label":"Exact health api logs","level":"debug","message":"Alumini App: Running in development mode and listening on port http://:9004"}
{"label":"Exact health api logs","level":"debug","message":"Alumini App: Running in development mode and listening on port http://:9004"}
{"label":"Exact health api logs","level":"error","message":"Not found"}
{"content_length":"34","label":"Exact health api logs","level":"http","message":"incoming-api-request","method":"GET","response_time":3.342,"status":404,"url":"/alumini/api/v1/setup/allCountries"}
{"label":"Exact health api logs","level":"debug","message":"Alumini App: Running in development mode and listening on port http://:9004"}
{"label":"Exact health api logs","level":"debug","message":"Alumini App: Running in development mode and listening on port http://:9004"}
{"label":"Exact health api logs","level":"error","message":"Not found"}
{"content_length":"34","label":"Exact health api logs","level":"http","message":"incoming-api-request","method":"GET","response_time":1.874,"status":404,"url":"/alumini/api/v1/setup/allCountries"}
{"label":"Exact health api logs","level":"error","message":"Not found"}
{"content_length":"34","label":"Exact health api logs","level":"http","message":"incoming-api-request","method":"GET","response_time":1.122,"status":404,"url":"/alumini/api/v1/setup/allCountries"}
{"label":"Exact health api logs","level":"debug","message":"Alumini App: Running in development mode and listening on port http://:9004"}
{"label":"Exact health api logs","level":"info","message":"Success"}
{"content_length":"741","label":"Exact health api logs","level":"http","message":"incoming-api-request","method":"GET","response_time":7843.952,"status":200,"url":"/alumini/api/v1/setup/allCountries"}
{"code":"ECONNREFUSED","label":"Exact health api logs","level":"error","message":"","stack":"AggregateError [ECONNREFUSED]: \n    at internalConnectMultiple (node:net:1117:18)\n    at afterConnectMultiple (node:net:1684:7)"}
{"label":"Exact health api logs","level":"error","message":""}
{"label":"Exact health api logs","level":"debug","message":"Alumini App: Running in development mode and listening on port http://:9004"}
{"label":"Exact health api logs","level":"debug","message":"Alumini App: Running in development mode and listening on port http://:9004"}
{"label":"Exact health api logs","level":"debug","message":"Alumini App: Running in development mode and listening on port http://:9004"}
{"label":"Exact health api logs","level":"debug","message":"Alumini App: Running in development mode and listening on port http://:9004"}
{"label":"Exact health api logs","level":"debug","message":"Alumini App: Running in development mode and listening on port http://:9004"}
{"label":"Exact health api logs","level":"debug","message":"Alumini App: Running in development mode and listening on port http://:9004"}
{"label":"Exact health api logs","level":"debug","message":"Alumini App: Running in development mode and listening on port http://:9004"}
{"label":"Exact health api logs","level":"debug","message":"Alumini App: Running in development mode and listening on port http://:9004"}
{"label":"Exact health api logs","level":"debug","message":"Alumini App: Running in development mode and listening on port http://:9004"}
{"label":"Exact health api logs","level":"debug","message":"Alumini App: Running in development mode and listening on port http://:9004"}
{"label":"Exact health api logs","level":"debug","message":"Alumini App: Running in development mode and listening on port http://:9004"}
{"label":"Exact health api logs","level":"debug","message":"Alumini App: Running in development mode and listening on port http://:9004"}
{"label":"Exact health api logs","level":"debug","message":"Alumini App: Running in development mode and listening on port http://:9004"}
{"label":"Exact health api logs","level":"debug","message":"Alumini App: Running in development mode and listening on port http://:9004"}
{"label":"Exact health api logs","level":"debug","message":"Alumini App: Running in development mode and listening on port http://:9004"}
{"label":"Exact health api logs","level":"debug","message":"Alumini App: Running in development mode and listening on port http://:9004"}
{"label":"Exact health api logs","level":"debug","message":"Alumini App: Running in development mode and listening on port http://:9004"}
{"label":"Exact health api logs","level":"error","message":"Not found"}
{"content_length":"34","label":"Exact health api logs","level":"http","message":"incoming-api-request","method":"POST","response_time":2.767,"status":404,"url":"/alumini/api/v1/setup/updateCountry"}
{"label":"Exact health api logs","level":"debug","message":"Alumini App: Running in development mode and listening on port http://:9004"}
{"label":"Exact health api logs","level":"error","message":"continent is not defined"}
{"content_length":"49","label":"Exact health api logs","level":"http","message":"incoming-api-request","method":"POST","response_time":7210.989,"status":500,"url":"/alumini/api/v1/setup/updateCountry"}
{"label":"Exact health api logs","level":"debug","message":"Alumini App: Running in development mode and listening on port http://:9004"}
{"label":"Exact health api logs","level":"debug","message":"Alumini App: Running in development mode and listening on port http://:9004"}
{"label":"Exact health api logs","level":"error","message":"country_id is not defined"}
{"content_length":"50","label":"Exact health api logs","level":"http","message":"incoming-api-request","method":"POST","response_time":4830.292,"status":500,"url":"/alumini/api/v1/setup/updateCountry"}
{"label":"Exact health api logs","level":"debug","message":"Alumini App: Running in development mode and listening on port http://:9004"}
{"label":"Exact health api logs","level":"info","message":"Success"}
{"content_length":"274","label":"Exact health api logs","level":"http","message":"incoming-api-request","method":"POST","response_time":6620.087,"status":200,"url":"/alumini/api/v1/setup/updateCountry"}
{"code":"ECONNREFUSED","label":"Exact health api logs","level":"error","message":"","stack":"AggregateError [ECONNREFUSED]: \n    at internalConnectMultiple (node:net:1117:18)\n    at afterConnectMultiple (node:net:1684:7)"}
{"label":"Exact health api logs","level":"error","message":""}
{"clientVersion":"5.15.0","label":"Exact health api logs","level":"error","message":"\nInvalid `prisma.verificationToken.findFirst()` invocation in\n/Users/testdevice/Desktop/Source Code/Node JS/AluminiApi/DBFunctions/UserDB.js:21:59\n\n  18 if (!token) {\n  19     return resolve(null);\n  20 }\n→ 21 const record = await prisma.verificationToken.findFirst(\nCan't reach database server at `ep-shy-mountain-a5ikktzw-pooler.us-east-2.aws.neon.tech:5432`\n\nPlease make sure your database server is running at `ep-shy-mountain-a5ikktzw-pooler.us-east-2.aws.neon.tech:5432`.","name":"PrismaClientInitializationError","stack":"PrismaClientInitializationError: \nInvalid `prisma.verificationToken.findFirst()` invocation in\n/Users/testdevice/Desktop/Source Code/Node JS/AluminiApi/DBFunctions/UserDB.js:21:59\n\n  18 if (!token) {\n  19     return resolve(null);\n  20 }\n→ 21 const record = await prisma.verificationToken.findFirst(\nCan't reach database server at `ep-shy-mountain-a5ikktzw-pooler.us-east-2.aws.neon.tech:5432`\n\nPlease make sure your database server is running at `ep-shy-mountain-a5ikktzw-pooler.us-east-2.aws.neon.tech:5432`.\n    at In.handleRequestError (/Users/testdevice/Desktop/Source Code/Node JS/AluminiApi/node_modules/@prisma/client/runtime/library.js:122:7177)\n    at In.handleAndLogRequestError (/Users/testdevice/Desktop/Source Code/Node JS/AluminiApi/node_modules/@prisma/client/runtime/library.js:122:6211)\n    at In.request (/Users/testdevice/Desktop/Source Code/Node JS/AluminiApi/node_modules/@prisma/client/runtime/library.js:122:5919)\n    at async l (/Users/testdevice/Desktop/Source Code/Node JS/AluminiApi/node_modules/@prisma/client/runtime/library.js:127:11167)\n    at async /Users/testdevice/Desktop/Source Code/Node JS/AluminiApi/DBFunctions/UserDB.js:21:28"}
{"label":"Exact health api logs","level":"error","message":"\nInvalid `prisma.verificationToken.findFirst()` invocation in\n/Users/testdevice/Desktop/Source Code/Node JS/AluminiApi/DBFunctions/UserDB.js:21:59\n\n  18 if (!token) {\n  19     return resolve(null);\n  20 }\n→ 21 const record = await prisma.verificationToken.findFirst(\nCan't reach database server at `ep-shy-mountain-a5ikktzw-pooler.us-east-2.aws.neon.tech:5432`\n\nPlease make sure your database server is running at `ep-shy-mountain-a5ikktzw-pooler.us-east-2.aws.neon.tech:5432`."}
{"content_length":"514","label":"Exact health api logs","level":"http","message":"incoming-api-request","method":"POST","response_time":5028.457,"status":500,"url":"/alumini/api/v1/setup/addCountry"}
{"label":"Exact health api logs","level":"info","message":"Success"}
{"content_length":"271","label":"Exact health api logs","level":"http","message":"incoming-api-request","method":"POST","response_time":10779.861,"status":200,"url":"/alumini/api/v1/setup/addCountry"}
{"code":"ECONNREFUSED","label":"Exact health api logs","level":"error","message":"","stack":"AggregateError [ECONNREFUSED]: \n    at internalConnectMultiple (node:net:1117:18)\n    at afterConnectMultiple (node:net:1684:7)"}
{"label":"Exact health api logs","level":"error","message":""}
{"label":"Exact health api logs","level":"debug","message":"Alumini App: Running in development mode and listening on port http://:9004"}
{"label":"Exact health api logs","level":"debug","message":"Alumini App: Running in development mode and listening on port http://:9004"}
{"label":"Exact health api logs","level":"debug","message":"Alumini App: Running in development mode and listening on port http://:9004"}
{"label":"Exact health api logs","level":"debug","message":"Alumini App: Running in development mode and listening on port http://:9004"}
{"label":"Exact health api logs","level":"debug","message":"Alumini App: Running in development mode and listening on port http://:9004"}
{"label":"Exact health api logs","level":"debug","message":"Alumini App: Running in development mode and listening on port http://:9004"}
{"label":"Exact health api logs","level":"debug","message":"Alumini App: Running in development mode and listening on port http://:9004"}
{"label":"Exact health api logs","level":"debug","message":"Alumini App: Running in development mode and listening on port http://:9004"}
{"label":"Exact health api logs","level":"debug","message":"Alumini App: Running in development mode and listening on port http://:9004"}
{"label":"Exact health api logs","level":"debug","message":"Alumini App: Running in development mode and listening on port http://:9004"}
{"label":"Exact health api logs","level":"debug","message":"Alumini App: Running in development mode and listening on port http://:9004"}
{"label":"Exact health api logs","level":"debug","message":"Alumini App: Running in development mode and listening on port http://:9004"}
{"label":"Exact health api logs","level":"debug","message":"Alumini App: Running in development mode and listening on port http://:9004"}
{"label":"Exact health api logs","level":"debug","message":"Alumini App: Running in development mode and listening on port http://:9004"}
{"label":"Exact health api logs","level":"debug","message":"Alumini App: Running in development mode and listening on port http://:9004"}
{"label":"Exact health api logs","level":"debug","message":"Alumini App: Running in development mode and listening on port http://:9004"}
{"label":"Exact health api logs","level":"debug","message":"Alumini App: Running in development mode and listening on port http://:9004"}
{"label":"Exact health api logs","level":"debug","message":"Alumini App: Running in development mode and listening on port http://:9004"}
{"label":"Exact health api logs","level":"debug","message":"Alumini App: Running in development mode and listening on port http://:9004"}
{"label":"Exact health api logs","level":"debug","message":"Alumini App: Running in development mode and listening on port http://:9004"}
{"label":"Exact health api logs","level":"debug","message":"Alumini App: Running in development mode and listening on port http://:9004"}
{"label":"Exact health api logs","level":"debug","message":"Alumini App: Running in development mode and listening on port http://:9004"}
{"label":"Exact health api logs","level":"debug","message":"Alumini App: Running in development mode and listening on port http://:9004"}
{"label":"Exact health api logs","level":"debug","message":"Alumini App: Running in development mode and listening on port http://:9004"}
{"label":"Exact health api logs","level":"debug","message":"Alumini App: Running in development mode and listening on port http://:9004"}
{"label":"Exact health api logs","level":"debug","message":"Alumini App: Running in development mode and listening on port http://:9004"}
{"label":"Exact health api logs","level":"debug","message":"Alumini App: Running in development mode and listening on port http://:9004"}
{"label":"Exact health api logs","level":"debug","message":"Alumini App: Running in development mode and listening on port http://:9004"}
{"label":"Exact health api logs","level":"debug","message":"Alumini App: Running in development mode and listening on port http://:9004"}
{"label":"Exact health api logs","level":"debug","message":"Alumini App: Running in development mode and listening on port http://:9004"}
{"label":"Exact health api logs","level":"debug","message":"Alumini App: Running in development mode and listening on port http://:9004"}
{"label":"Exact health api logs","level":"debug","message":"Alumini App: Running in development mode and listening on port http://:9004"}
{"label":"Exact health api logs","level":"debug","message":"Alumini App: Running in development mode and listening on port http://:9004"}
{"label":"Exact health api logs","level":"debug","message":"Alumini App: Running in development mode and listening on port http://:9004"}
{"label":"Exact health api logs","level":"debug","message":"Alumini App: Running in development mode and listening on port http://:9004"}
{"label":"Exact health api logs","level":"debug","message":"Alumini App: Running in development mode and listening on port http://:9004"}
{"label":"Exact health api logs","level":"debug","message":"Alumini App: Running in development mode and listening on port http://:9004"}
{"label":"Exact health api logs","level":"debug","message":"Alumini App: Running in development mode and listening on port http://:9004"}
{"label":"Exact health api logs","level":"debug","message":"Alumini App: Running in development mode and listening on port http://:9004"}
{"label":"Exact health api logs","level":"debug","message":"Alumini App: Running in development mode and listening on port http://:9004"}
{"label":"Exact health api logs","level":"debug","message":"Alumini App: Running in development mode and listening on port http://:9004"}
{"label":"Exact health api logs","level":"debug","message":"Alumini App: Running in development mode and listening on port http://:9004"}
{"label":"Exact health api logs","level":"debug","message":"Alumini App: Running in development mode and listening on port http://:9004"}
{"label":"Exact health api logs","level":"debug","message":"Alumini App: Running in development mode and listening on port http://:9004"}
{"label":"Exact health api logs","level":"debug","message":"Alumini App: Running in development mode and listening on port http://:9004"}
{"label":"Exact health api logs","level":"debug","message":"Alumini App: Running in development mode and listening on port http://:9004"}
{"label":"Exact health api logs","level":"debug","message":"Alumini App: Running in development mode and listening on port http://:9004"}
{"label":"Exact health api logs","level":"debug","message":"Alumini App: Running in development mode and listening on port http://:9004"}
{"label":"Exact health api logs","level":"debug","message":"Alumini App: Running in development mode and listening on port http://:9004"}
{"label":"Exact health api logs","level":"debug","message":"Alumini App: Running in development mode and listening on port http://:9004"}
{"label":"Exact health api logs","level":"debug","message":"Alumini App: Running in development mode and listening on port http://:9004"}
{"label":"Exact health api logs","level":"debug","message":"Alumini App: Running in development mode and listening on port http://:9004"}
{"label":"Exact health api logs","level":"debug","message":"Alumini App: Running in development mode and listening on port http://:9004"}
{"label":"Exact health api logs","level":"debug","message":"Alumini App: Running in development mode and listening on port http://:9004"}
{"label":"Exact health api logs","level":"debug","message":"Alumini App: Running in development mode and listening on port http://:9004"}
{"label":"Exact health api logs","level":"debug","message":"Alumini App: Running in development mode and listening on port http://:9004"}
{"label":"Exact health api logs","level":"debug","message":"Alumini App: Running in development mode and listening on port http://:9004"}
{"label":"Exact health api logs","level":"debug","message":"Alumini App: Running in development mode and listening on port http://:9004"}
{"label":"Exact health api logs","level":"debug","message":"Alumini App: Running in development mode and listening on port http://:9004"}
{"label":"Exact health api logs","level":"debug","message":"Alumini App: Running in development mode and listening on port http://:9004"}
{"label":"Exact health api logs","level":"debug","message":"Alumini App: Running in development mode and listening on port http://:9004"}
{"label":"Exact health api logs","level":"debug","message":"Alumini App: Running in development mode and listening on port http://:9004"}
{"label":"Exact health api logs","level":"debug","message":"Alumini App: Running in development mode and listening on port http://:9004"}
{"label":"Exact health api logs","level":"debug","message":"Alumini App: Running in development mode and listening on port http://:9004"}
{"label":"Exact health api logs","level":"debug","message":"Alumini App: Running in development mode and listening on port http://:9004"}
{"label":"Exact health api logs","level":"debug","message":"Alumini App: Running in development mode and listening on port http://:9004"}
{"label":"Exact health api logs","level":"debug","message":"Alumini App: Running in development mode and listening on port http://:9004"}
{"label":"Exact health api logs","level":"debug","message":"Alumini App: Running in development mode and listening on port http://:9004"}
{"label":"Exact health api logs","level":"debug","message":"Alumini App: Running in development mode and listening on port http://:9004"}
{"label":"Exact health api logs","level":"debug","message":"Alumini App: Running in development mode and listening on port http://:9004"}
{"label":"Exact health api logs","level":"debug","message":"Alumini App: Running in development mode and listening on port http://:9004"}
{"label":"Exact health api logs","level":"debug","message":"Alumini App: Running in development mode and listening on port http://:9004"}
{"label":"Exact health api logs","level":"debug","message":"Alumini App: Running in development mode and listening on port http://:9004"}
{"label":"Exact health api logs","level":"debug","message":"Alumini App: Running in development mode and listening on port http://:9004"}
{"label":"Exact health api logs","level":"debug","message":"Alumini App: Running in development mode and listening on port http://:9004"}
{"label":"Exact health api logs","level":"debug","message":"Alumini App: Running in development mode and listening on port http://:9004"}
{"label":"Exact health api logs","level":"debug","message":"Alumini App: Running in development mode and listening on port http://:9004"}
{"label":"Exact health api logs","level":"debug","message":"Alumini App: Running in development mode and listening on port http://:9004"}
{"label":"Exact health api logs","level":"debug","message":"Alumini App: Running in development mode and listening on port http://:9004"}
{"label":"Exact health api logs","level":"debug","message":"Alumini App: Running in development mode and listening on port http://:9004"}
{"label":"Exact health api logs","level":"debug","message":"Alumini App: Running in development mode and listening on port http://:9004"}
{"label":"Exact health api logs","level":"debug","message":"Alumini App: Running in development mode and listening on port http://:9004"}
{"label":"Exact health api logs","level":"debug","message":"Alumini App: Running in development mode and listening on port http://:9004"}
{"label":"Exact health api logs","level":"debug","message":"Alumini App: Running in development mode and listening on port http://:9004"}
{"label":"Exact health api logs","level":"debug","message":"Alumini App: Running in development mode and listening on port http://:9004"}
{"label":"Exact health api logs","level":"debug","message":"Alumini App: Running in development mode and listening on port http://:9004"}
{"label":"Exact health api logs","level":"debug","message":"Alumini App: Running in development mode and listening on port http://:9004"}
{"label":"Exact health api logs","level":"debug","message":"Alumini App: Running in development mode and listening on port http://:9004"}
{"label":"Exact health api logs","level":"debug","message":"Alumini App: Running in development mode and listening on port http://:9004"}
{"label":"Exact health api logs","level":"debug","message":"Alumini App: Running in development mode and listening on port http://:9004"}
{"label":"Exact health api logs","level":"debug","message":"Alumini App: Running in development mode and listening on port http://:9004"}
{"label":"Exact health api logs","level":"debug","message":"Alumini App: Running in development mode and listening on port http://:9004"}
{"label":"Exact health api logs","level":"debug","message":"Alumini App: Running in development mode and listening on port http://:9004"}
{"label":"Exact health api logs","level":"debug","message":"Alumini App: Running in development mode and listening on port http://:9004"}
{"label":"Exact health api logs","level":"debug","message":"Alumini App: Running in development mode and listening on port http://:9004"}
{"label":"Exact health api logs","level":"debug","message":"Alumini App: Running in development mode and listening on port http://:9004"}
{"label":"Exact health api logs","level":"debug","message":"Alumini App: Running in development mode and listening on port http://:9004"}
{"label":"Exact health api logs","level":"debug","message":"Alumini App: Running in development mode and listening on port http://:9004"}
{"label":"Exact health api logs","level":"debug","message":"Alumini App: Running in development mode and listening on port http://:9004"}
{"label":"Exact health api logs","level":"debug","message":"Alumini App: Running in development mode and listening on port http://:9004"}
{"label":"Exact health api logs","level":"debug","message":"Alumini App: Running in development mode and listening on port http://:9004"}
{"label":"Exact health api logs","level":"debug","message":"Alumini App: Running in development mode and listening on port http://:9004"}
{"label":"Exact health api logs","level":"debug","message":"Alumini App: Running in development mode and listening on port http://:9004"}
{"label":"Exact health api logs","level":"debug","message":"Alumini App: Running in development mode and listening on port http://:9004"}
{"label":"Exact health api logs","level":"debug","message":"Alumini App: Running in development mode and listening on port http://:9004"}
{"label":"Exact health api logs","level":"debug","message":"Alumini App: Running in development mode and listening on port http://:9004"}
{"label":"Exact health api logs","level":"debug","message":"Alumini App: Running in development mode and listening on port http://:9004"}
{"label":"Exact health api logs","level":"debug","message":"Alumini App: Running in development mode and listening on port http://:9004"}
{"label":"Exact health api logs","level":"debug","message":"Alumini App: Running in development mode and listening on port http://:9004"}
{"label":"Exact health api logs","level":"debug","message":"Alumini App: Running in development mode and listening on port http://:9004"}
{"label":"Exact health api logs","level":"debug","message":"Alumini App: Running in development mode and listening on port http://:9004"}
{"label":"Exact health api logs","level":"debug","message":"Alumini App: Running in development mode and listening on port http://:9004"}
{"label":"Exact health api logs","level":"debug","message":"Alumini App: Running in development mode and listening on port http://:9004"}
{"label":"Exact health api logs","level":"debug","message":"Alumini App: Running in development mode and listening on port http://:9004"}
{"label":"Exact health api logs","level":"debug","message":"Alumini App: Running in development mode and listening on port http://:9004"}
{"label":"Exact health api logs","level":"debug","message":"Alumini App: Running in development mode and listening on port http://:9004"}
{"label":"Exact health api logs","level":"debug","message":"Alumini App: Running in development mode and listening on port http://:9004"}
{"label":"Exact health api logs","level":"debug","message":"Alumini App: Running in development mode and listening on port http://:9004"}
{"label":"Exact health api logs","level":"debug","message":"Alumini App: Running in development mode and listening on port http://:9004"}
{"label":"Exact health api logs","level":"debug","message":"Alumini App: Running in development mode and listening on port http://:9004"}
{"label":"Exact health api logs","level":"debug","message":"Alumini App: Running in development mode and listening on port http://:9004"}
{"label":"Exact health api logs","level":"debug","message":"Alumini App: Running in development mode and listening on port http://:9004"}
{"label":"Exact health api logs","level":"debug","message":"Alumini App: Running in development mode and listening on port http://:9004"}
{"label":"Exact health api logs","level":"debug","message":"Alumini App: Running in development mode and listening on port http://:9004"}
{"label":"Exact health api logs","level":"info","message":"Success"}
{"content_length":"318","label":"Exact health api logs","level":"http","message":"incoming-api-request","method":"POST","response_time":6077.117,"status":200,"url":"/alumini/api/v1/setup/AddSchool"}
{"code":"ECONNREFUSED","label":"Exact health api logs","level":"error","message":"","stack":"AggregateError [ECONNREFUSED]: \n    at internalConnectMultiple (node:net:1117:18)\n    at afterConnectMultiple (node:net:1684:7)"}
{"label":"Exact health api logs","level":"error","message":""}
{"label":"Exact health api logs","level":"info","message":"Success"}
{"content_length":"51","label":"Exact health api logs","level":"http","message":"incoming-api-request","method":"POST","response_time":5812.017,"status":200,"url":"/alumini/api/v1/setup/addBatchSchool"}
{"code":"ECONNREFUSED","label":"Exact health api logs","level":"error","message":"","stack":"AggregateError [ECONNREFUSED]: \n    at internalConnectMultiple (node:net:1117:18)\n    at afterConnectMultiple (node:net:1684:7)"}
{"label":"Exact health api logs","level":"error","message":""}
{"clientVersion":"5.15.0","label":"Exact health api logs","level":"error","message":"\nInvalid `prisma.school.findMany()` invocation in\n/Users/testdevice/Desktop/Source Code/Node JS/AluminiApi/DBFunctions/SchoolDb.js:10:43\n\n   7 \n   8 ussd.allSchools = async () => {\n   9     try {\n→ 10         const users = await prisma.school.findMany(\nUnknown nested field 'subregion' for operation country does not match any query.","name":"PrismaClientUnknownRequestError","stack":"PrismaClientUnknownRequestError: \nInvalid `prisma.school.findMany()` invocation in\n/Users/testdevice/Desktop/Source Code/Node JS/AluminiApi/DBFunctions/SchoolDb.js:10:43\n\n   7 \n   8 ussd.allSchools = async () => {\n   9     try {\n→ 10         const users = await prisma.school.findMany(\nUnknown nested field 'subregion' for operation country does not match any query.\n    at In.handleRequestError (/Users/testdevice/Desktop/Source Code/Node JS/AluminiApi/node_modules/@prisma/client/runtime/library.js:122:7067)\n    at In.handleAndLogRequestError (/Users/testdevice/Desktop/Source Code/Node JS/AluminiApi/node_modules/@prisma/client/runtime/library.js:122:6211)\n    at In.request (/Users/testdevice/Desktop/Source Code/Node JS/AluminiApi/node_modules/@prisma/client/runtime/library.js:122:5919)\n    at async l (/Users/testdevice/Desktop/Source Code/Node JS/AluminiApi/node_modules/@prisma/client/runtime/library.js:127:11167)\n    at async ussd.allSchools (/Users/testdevice/Desktop/Source Code/Node JS/AluminiApi/DBFunctions/SchoolDb.js:10:23)\n    at async /Users/testdevice/Desktop/Source Code/Node JS/AluminiApi/controllers/Setup.js:400:22"}
{"label":"Exact health api logs","level":"error","message":"\nInvalid `prisma.school.findMany()` invocation in\n/Users/testdevice/Desktop/Source Code/Node JS/AluminiApi/DBFunctions/SchoolDb.js:10:43\n\n   7 \n   8 ussd.allSchools = async () => {\n   9     try {\n→ 10         const users = await prisma.school.findMany(\nUnknown nested field 'subregion' for operation country does not match any query."}
{"content_length":"368","label":"Exact health api logs","level":"http","message":"incoming-api-request","method":"GET","response_time":5079.966,"status":500,"url":"/alumini/api/v1/setup/allSchools"}
{"label":"Exact health api logs","level":"debug","message":"Alumini App: Running in development mode and listening on port http://:9004"}
{"label":"Exact health api logs","level":"debug","message":"Alumini App: Running in development mode and listening on port http://:9004"}
{"label":"Exact health api logs","level":"info","message":"Success"}
{"content_length":"1617","label":"Exact health api logs","level":"http","message":"incoming-api-request","method":"GET","response_time":6430.495,"status":200,"url":"/alumini/api/v1/setup/allSchools"}
{"code":"ECONNREFUSED","label":"Exact health api logs","level":"error","message":"","stack":"AggregateError [ECONNREFUSED]: \n    at internalConnectMultiple (node:net:1117:18)\n    at afterConnectMultiple (node:net:1684:7)"}
{"label":"Exact health api logs","level":"error","message":""}
{"label":"Exact health api logs","level":"debug","message":"Alumini App: Running in development mode and listening on port http://:9004"}
{"label":"Exact health api logs","level":"debug","message":"Alumini App: Running in development mode and listening on port http://:9004"}
{"label":"Exact health api logs","level":"debug","message":"Alumini App: Running in development mode and listening on port http://:9004"}
{"label":"Exact health api logs","level":"debug","message":"Alumini App: Running in development mode and listening on port http://:9004"}
{"clientVersion":"5.15.0","label":"Exact health api logs","level":"error","message":"\nInvalid `prisma.school.findMany()` invocation in\n/Users/testdevice/Desktop/Source Code/Node JS/AluminiApi/DBFunctions/SchoolDb.js:10:43\n\n   7 \n   8 ussd.allSchools = async () => {\n   9     try {\n→ 10         const users = await prisma.school.findMany({\n               orderBy: {\n                 date_added: \"desc\"\n               },\n               include: {\n                 country: {\n                   include: {\n                     subregion: true,\n                     ~~~~~~~~~\n             ?       continent?: true,\n             ?       school?: true,\n             ?       User?: true\n                   }\n                 }\n               }\n             })\n\nUnknown field `subregion` for include statement on model `country`. Available options are marked with ?.","name":"PrismaClientValidationError","stack":"PrismaClientValidationError: \nInvalid `prisma.school.findMany()` invocation in\n/Users/testdevice/Desktop/Source Code/Node JS/AluminiApi/DBFunctions/SchoolDb.js:10:43\n\n   7 \n   8 ussd.allSchools = async () => {\n   9     try {\n→ 10         const users = await prisma.school.findMany({\n               orderBy: {\n                 date_added: \"desc\"\n               },\n               include: {\n                 country: {\n                   include: {\n                     subregion: true,\n                     ~~~~~~~~~\n             ?       continent?: true,\n             ?       school?: true,\n             ?       User?: true\n                   }\n                 }\n               }\n             })\n\nUnknown field `subregion` for include statement on model `country`. Available options are marked with ?.\n    at Tn (/Users/testdevice/Desktop/Source Code/Node JS/AluminiApi/node_modules/@prisma/client/runtime/library.js:115:6855)\n    at In.handleRequestError (/Users/testdevice/Desktop/Source Code/Node JS/AluminiApi/node_modules/@prisma/client/runtime/library.js:122:6533)\n    at In.handleAndLogRequestError (/Users/testdevice/Desktop/Source Code/Node JS/AluminiApi/node_modules/@prisma/client/runtime/library.js:122:6211)\n    at In.request (/Users/testdevice/Desktop/Source Code/Node JS/AluminiApi/node_modules/@prisma/client/runtime/library.js:122:5919)\n    at async l (/Users/testdevice/Desktop/Source Code/Node JS/AluminiApi/node_modules/@prisma/client/runtime/library.js:127:11167)\n    at async ussd.allSchools (/Users/testdevice/Desktop/Source Code/Node JS/AluminiApi/DBFunctions/SchoolDb.js:10:23)\n    at async /Users/testdevice/Desktop/Source Code/Node JS/AluminiApi/controllers/Setup.js:400:22"}
{"label":"Exact health api logs","level":"error","message":"\nInvalid `prisma.school.findMany()` invocation in\n/Users/testdevice/Desktop/Source Code/Node JS/AluminiApi/DBFunctions/SchoolDb.js:10:43\n\n   7 \n   8 ussd.allSchools = async () => {\n   9     try {\n→ 10         const users = await prisma.school.findMany({\n               orderBy: {\n                 date_added: \"desc\"\n               },\n               include: {\n                 country: {\n                   include: {\n                     subregion: true,\n                     ~~~~~~~~~\n             ?       continent?: true,\n             ?       school?: true,\n             ?       User?: true\n                   }\n                 }\n               }\n             })\n\nUnknown field `subregion` for include statement on model `country`. Available options are marked with ?."}
{"content_length":"826","label":"Exact health api logs","level":"http","message":"incoming-api-request","method":"GET","response_time":5106.486,"status":500,"url":"/alumini/api/v1/setup/allSchools"}
{"label":"Exact health api logs","level":"debug","message":"Alumini App: Running in development mode and listening on port http://:9004"}
{"label":"Exact health api logs","level":"info","message":"Success"}
{"content_length":"2253","label":"Exact health api logs","level":"http","message":"incoming-api-request","method":"GET","response_time":6305.611,"status":200,"url":"/alumini/api/v1/setup/allSchools"}
{"code":"ECONNREFUSED","label":"Exact health api logs","level":"error","message":"","stack":"AggregateError [ECONNREFUSED]: \n    at internalConnectMultiple (node:net:1117:18)\n    at afterConnectMultiple (node:net:1684:7)"}
{"label":"Exact health api logs","level":"error","message":""}
{"label":"Exact health api logs","level":"debug","message":"Alumini App: Running in development mode and listening on port http://:9004"}
{"label":"Exact health api logs","level":"debug","message":"Alumini App: Running in development mode and listening on port http://:9004"}
{"label":"Exact health api logs","level":"info","message":"Success"}
{"content_length":"2715","label":"Exact health api logs","level":"http","message":"incoming-api-request","method":"GET","response_time":6566.454,"status":200,"url":"/alumini/api/v1/setup/allSchools"}
{"code":"ECONNREFUSED","label":"Exact health api logs","level":"error","message":"","stack":"AggregateError [ECONNREFUSED]: \n    at internalConnectMultiple (node:net:1117:18)\n    at afterConnectMultiple (node:net:1684:7)"}
{"label":"Exact health api logs","level":"error","message":""}
{"label":"Exact health api logs","level":"debug","message":"Alumini App: Running in development mode and listening on port http://:9004"}
{"label":"Exact health api logs","level":"debug","message":"Alumini App: Running in development mode and listening on port http://:9004"}
{"label":"Exact health api logs","level":"debug","message":"Alumini App: Running in development mode and listening on port http://:9004"}
{"label":"Exact health api logs","level":"info","message":"Success"}
{"content_length":"2440","label":"Exact health api logs","level":"http","message":"incoming-api-request","method":"GET","response_time":6279.353,"status":200,"url":"/alumini/api/v1/setup/allCountries"}
{"code":"ECONNREFUSED","label":"Exact health api logs","level":"error","message":"","stack":"AggregateError [ECONNREFUSED]: \n    at internalConnectMultiple (node:net:1117:18)\n    at afterConnectMultiple (node:net:1684:7)"}
{"label":"Exact health api logs","level":"error","message":""}
{"label":"Exact health api logs","level":"debug","message":"Alumini App: Running in development mode and listening on port http://:9004"}
{"label":"Exact health api logs","level":"debug","message":"Alumini App: Running in development mode and listening on port http://:9004"}
{"label":"Exact health api logs","level":"info","message":"Success"}
{"content_length":"1104","label":"Exact health api logs","level":"http","message":"incoming-api-request","method":"GET","response_time":5756.297,"status":200,"url":"/alumini/api/v1/setup/allSubregion"}
{"code":"ECONNREFUSED","label":"Exact health api logs","level":"error","message":"","stack":"AggregateError [ECONNREFUSED]: \n    at internalConnectMultiple (node:net:1117:18)\n    at afterConnectMultiple (node:net:1684:7)"}
{"label":"Exact health api logs","level":"error","message":""}
{"label":"Exact health api logs","level":"info","message":"Success"}
{"content_length":"51","label":"Exact health api logs","level":"http","message":"incoming-api-request","method":"POST","response_time":5828.564,"status":200,"url":"/alumini/api/v1/setup/addBatchSubregion"}
{"code":"ECONNREFUSED","label":"Exact health api logs","level":"error","message":"","stack":"AggregateError [ECONNREFUSED]: \n    at internalConnectMultiple (node:net:1117:18)\n    at afterConnectMultiple (node:net:1684:7)"}
{"label":"Exact health api logs","level":"error","message":""}
{"label":"Exact health api logs","level":"error","message":"country is not defined"}
{"content_length":"47","label":"Exact health api logs","level":"http","message":"incoming-api-request","method":"POST","response_time":3573.277,"status":500,"url":"/alumini/api/v1/setup/updateSchool"}
{"label":"Exact health api logs","level":"debug","message":"Alumini App: Running in development mode and listening on port http://:9004"}
{"label":"Exact health api logs","level":"debug","message":"Alumini App: Running in development mode and listening on port http://:9004"}
{"label":"Exact health api logs","level":"info","message":"Success"}
{"content_length":"319","label":"Exact health api logs","level":"http","message":"incoming-api-request","method":"POST","response_time":5327.532,"status":200,"url":"/alumini/api/v1/setup/updateSchool"}
{"code":"ECONNREFUSED","label":"Exact health api logs","level":"error","message":"","stack":"AggregateError [ECONNREFUSED]: \n    at internalConnectMultiple (node:net:1117:18)\n    at afterConnectMultiple (node:net:1684:7)"}
{"label":"Exact health api logs","level":"error","message":""}
{"label":"Exact health api logs","level":"debug","message":"Alumini App: Running in development mode and listening on port http://:9004"}
{"label":"Exact health api logs","level":"info","message":"Success"}
{"content_length":"2716","label":"Exact health api logs","level":"http","message":"incoming-api-request","method":"GET","response_time":6307.475,"status":200,"url":"/alumini/api/v1/setup/allSchools"}
{"code":"ECONNREFUSED","label":"Exact health api logs","level":"error","message":"","stack":"AggregateError [ECONNREFUSED]: \n    at internalConnectMultiple (node:net:1117:18)\n    at afterConnectMultiple (node:net:1684:7)"}
{"label":"Exact health api logs","level":"error","message":""}
{"label":"Exact health api logs","level":"debug","message":"Alumini App: Running in development mode and listening on port http://:9004"}
{"label":"Exact health api logs","level":"debug","message":"Alumini App: Running in development mode and listening on port http://:9004"}
{"label":"Exact health api logs","level":"debug","message":"Alumini App: Running in development mode and listening on port http://:9004"}
